d:\opengl\gl1\gl1\debug\vc142.pdb
d:\opengl\gl1\gl1\debug\vc142.idb
d:\opengl\gl1\gl1\debug\vertexbufferlayout.obj
d:\opengl\gl1\gl1\debug\vertexbuffer.obj
d:\opengl\gl1\gl1\debug\indexbuffer.obj
d:\opengl\gl1\gl1\debug\application.obj
d:\opengl\gl1\gl1\debug\vertexarray.obj
d:\opengl\gl1\gl1\debug\renderer.obj
d:\opengl\gl1\gl1\debug\shader.obj
d:\opengl\gl1\debug\gl1.pdb
d:\opengl\gl1\gl1\debug\gl1.tlog\cl.command.1.tlog
d:\opengl\gl1\gl1\debug\gl1.tlog\cl.read.1.tlog
d:\opengl\gl1\gl1\debug\gl1.tlog\cl.write.1.tlog
d:\opengl\gl1\gl1\debug\gl1.tlog\link-cvtres.read.1.tlog
d:\opengl\gl1\gl1\debug\gl1.tlog\link-cvtres.write.1.tlog
d:\opengl\gl1\gl1\debug\gl1.tlog\link-rc.read.1.tlog
d:\opengl\gl1\gl1\debug\gl1.tlog\link-rc.write.1.tlog
d:\opengl\gl1\gl1\debug\gl1.tlog\link.3404-cvtres.read.1.tlog
d:\opengl\gl1\gl1\debug\gl1.tlog\link.3404-cvtres.write.1.tlog
d:\opengl\gl1\gl1\debug\gl1.tlog\link.3404-rc.read.1.tlog
d:\opengl\gl1\gl1\debug\gl1.tlog\link.3404-rc.write.1.tlog
d:\opengl\gl1\gl1\debug\gl1.tlog\link.3404.read.1.tlog
d:\opengl\gl1\gl1\debug\gl1.tlog\link.3404.write.1.tlog
d:\opengl\gl1\gl1\debug\gl1.tlog\link.command.1.tlog
d:\opengl\gl1\gl1\debug\gl1.tlog\link.read.1.tlog
d:\opengl\gl1\gl1\debug\gl1.tlog\link.write.1.tlog
